<testsuites id="" name="" tests="175" failures="170" skipped="0" errors="0" time="2085.389357">
<testsuite name="accessibility.spec.ts" timestamp="2025-09-19T07:09:12.844Z" hostname="chromium" tests="9" failures="7" skipped="0" time="119.973" errors="0">
<testcase name="Accessibility Tests › landing page should be accessible" classname="accessibility.spec.ts" time="10.426">
<failure message="accessibility.spec.ts:4:3 landing page should be accessible" type="FAILURE">
<![CDATA[  [chromium] › accessibility.spec.ts:4:3 › Accessibility Tests › landing page should be accessible ─

    Error: expect(locator).toBeVisible() failed

    Locator:  getByRole('heading', { level: 1 })
    Expected: visible
    Received: <element(s) not found>
    Timeout:  5000ms

    Call log:
      - Expect "toBeVisible" with timeout 5000ms
      - waiting for getByRole('heading', { level: 1 })


       7 |     // Check for proper heading hierarchy
       8 |     const h1 = page.getByRole('heading', { level: 1 })
    >  9 |     await expect(h1).toBeVisible()
         |                      ^
      10 |     
      11 |     // Check that all images have alt text
      12 |     const images = page.locator('img')
        at /home/t043r/Personal-Projects/jobGenie/e2e/accessibility.spec.ts:9:22

    attachment #1: screenshot (image/png) ──────────────────────────────────────────────────────────
    ../test-results/accessibility-Accessibilit-b91e3-g-page-should-be-accessible-chromium/test-failed-1.png
    ────────────────────────────────────────────────────────────────────────────────────────────────

    attachment #2: video (video/webm) ──────────────────────────────────────────────────────────────
    ../test-results/accessibility-Accessibilit-b91e3-g-page-should-be-accessible-chromium/video.webm
    ────────────────────────────────────────────────────────────────────────────────────────────────

    Error Context: ../test-results/accessibility-Accessibilit-b91e3-g-page-should-be-accessible-chromium/error-context.md
]]>
</failure>
<system-out>
<![CDATA[
[[ATTACHMENT|../test-results/accessibility-Accessibilit-b91e3-g-page-should-be-accessible-chromium/test-failed-1.png]]

[[ATTACHMENT|../test-results/accessibility-Accessibilit-b91e3-g-page-should-be-accessible-chromium/video.webm]]

[[ATTACHMENT|../test-results/accessibility-Accessibilit-b91e3-g-page-should-be-accessible-chromium/error-context.md]]
]]>
</system-out>
</testcase>
<testcase name="Accessibility Tests › should support keyboard navigation" classname="accessibility.spec.ts" time="4.704">
<failure message="accessibility.spec.ts:51:3 should support keyboard navigation" type="FAILURE">
<![CDATA[  [chromium] › accessibility.spec.ts:51:3 › Accessibility Tests › should support keyboard navigation 

    Error: expect(received).toBeTruthy()

    Received: false

      55 |     await page.keyboard.press('Tab')
      56 |     let focusedElement = await page.evaluate(() => document.activeElement?.tagName)
    > 57 |     expect(['A', 'BUTTON', 'INPUT'].includes(focusedElement || '')).toBeTruthy()
         |                                                                     ^
      58 |     
      59 |     // Continue tabbing
      60 |     await page.keyboard.press('Tab')
        at /home/t043r/Personal-Projects/jobGenie/e2e/accessibility.spec.ts:57:69

    attachment #1: screenshot (image/png) ──────────────────────────────────────────────────────────
    ../test-results/accessibility-Accessibilit-bf7b3-support-keyboard-navigation-chromium/test-failed-1.png
    ────────────────────────────────────────────────────────────────────────────────────────────────

    attachment #2: video (video/webm) ──────────────────────────────────────────────────────────────
    ../test-results/accessibility-Accessibilit-bf7b3-support-keyboard-navigation-chromium/video.webm
    ────────────────────────────────────────────────────────────────────────────────────────────────

    Error Context: ../test-results/accessibility-Accessibilit-bf7b3-support-keyboard-navigation-chromium/error-context.md
]]>
</failure>
<system-out>
<![CDATA[
[[ATTACHMENT|../test-results/accessibility-Accessibilit-bf7b3-support-keyboard-navigation-chromium/test-failed-1.png]]

[[ATTACHMENT|../test-results/accessibility-Accessibilit-bf7b3-support-keyboard-navigation-chromium/video.webm]]

[[ATTACHMENT|../test-results/accessibility-Accessibilit-bf7b3-support-keyboard-navigation-chromium/error-context.md]]
]]>
</system-out>
</testcase>
<testcase name="Accessibility Tests › should have proper focus management in modals" classname="accessibility.spec.ts" time="31.757">
<failure message="accessibility.spec.ts:76:3 should have proper focus management in modals" type="FAILURE">
<![CDATA[  [chromium] › accessibility.spec.ts:76:3 › Accessibility Tests › should have proper focus management in modals 

    Test timeout of 30000ms exceeded.

    Error: locator.click: Test timeout of 30000ms exceeded.
    Call log:
      - waiting for getByRole('button', { name: /get started/i })


      78 |     
      79 |     // Open auth modal
    > 80 |     await page.getByRole('button', { name: /get started/i }).click()
         |                                                              ^
      81 |     await expect(page.getByRole('dialog')).toBeVisible()
      82 |     
      83 |     // Focus should be trapped in modal
        at /home/t043r/Personal-Projects/jobGenie/e2e/accessibility.spec.ts:80:62

    attachment #1: screenshot (image/png) ──────────────────────────────────────────────────────────
    ../test-results/accessibility-Accessibilit-e5f86--focus-management-in-modals-chromium/test-failed-1.png
    ────────────────────────────────────────────────────────────────────────────────────────────────

    attachment #2: video (video/webm) ──────────────────────────────────────────────────────────────
    ../test-results/accessibility-Accessibilit-e5f86--focus-management-in-modals-chromium/video.webm
    ────────────────────────────────────────────────────────────────────────────────────────────────

    Error Context: ../test-results/accessibility-Accessibilit-e5f86--focus-management-in-modals-chromium/error-context.md
]]>
</failure>
<system-out>
<![CDATA[
[[ATTACHMENT|../test-results/accessibility-Accessibilit-e5f86--focus-management-in-modals-chromium/test-failed-1.png]]

[[ATTACHMENT|../test-results/accessibility-Accessibilit-e5f86--focus-management-in-modals-chromium/video.webm]]

[[ATTACHMENT|../test-results/accessibility-Accessibilit-e5f86--focus-management-in-modals-chromium/error-context.md]]
]]>
</system-out>
</testcase>
<testcase name="Accessibility Tests › should have sufficient color contrast" classname="accessibility.spec.ts" time="0.723">
</testcase>
<testcase name="Accessibility Tests › should work with screen reader simulation" classname="accessibility.spec.ts" time="1.088">
<failure message="accessibility.spec.ts:127:3 should work with screen reader simulation" type="FAILURE">
<![CDATA[  [chromium] › accessibility.spec.ts:127:3 › Accessibility Tests › should work with screen reader simulation 

    Error: expect(received).toBeGreaterThan(expected)

    Expected: > 0
    Received:   0

      140 |     ]).then(counts => counts.reduce((sum, count) => sum + count, 0))
      141 |     
    > 142 |     expect(landmarkCount).toBeGreaterThan(0)
          |                           ^
      143 |     
      144 |     // Check for proper heading structure
      145 |     const headings = page.locator('h1, h2, h3, h4, h5, h6')
        at /home/t043r/Personal-Projects/jobGenie/e2e/accessibility.spec.ts:142:27

    attachment #1: screenshot (image/png) ──────────────────────────────────────────────────────────
    ../test-results/accessibility-Accessibilit-65688-th-screen-reader-simulation-chromium/test-failed-1.png
    ────────────────────────────────────────────────────────────────────────────────────────────────

    attachment #2: video (video/webm) ──────────────────────────────────────────────────────────────
    ../test-results/accessibility-Accessibilit-65688-th-screen-reader-simulation-chromium/video.webm
    ────────────────────────────────────────────────────────────────────────────────────────────────
]]>
</failure>
<system-out>
<![CDATA[
[[ATTACHMENT|../test-results/accessibility-Accessibilit-65688-th-screen-reader-simulation-chromium/test-failed-1.png]]

[[ATTACHMENT|../test-results/accessibility-Accessibilit-65688-th-screen-reader-simulation-chromium/video.webm]]
]]>
</system-out>
</testcase>
<testcase name="Accessibility Tests › should handle reduced motion preferences" classname="accessibility.spec.ts" time="0.815">
</testcase>
<testcase name="Accessibility Tests › should be usable at 200% zoom" classname="accessibility.spec.ts" time="6.5">
<failure message="accessibility.spec.ts:179:3 should be usable at 200% zoom" type="FAILURE">
<![CDATA[  [chromium] › accessibility.spec.ts:179:3 › Accessibility Tests › should be usable at 200% zoom ───

    Error: expect(locator).toBeVisible() failed

    Locator:  getByRole('heading', { level: 1 })
    Expected: visible
    Received: <element(s) not found>
    Timeout:  5000ms

    Call log:
      - Expect "toBeVisible" with timeout 5000ms
      - waiting for getByRole('heading', { level: 1 })


      184 |     
      185 |     // Check that content is still accessible
    > 186 |     await expect(page.getByRole('heading', { level: 1 })).toBeVisible()
          |                                                           ^
      187 |     await expect(page.getByRole('button', { name: /get started/i })).toBeVisible()
      188 |     
      189 |     // Check that text doesn't overflow
        at /home/t043r/Personal-Projects/jobGenie/e2e/accessibility.spec.ts:186:59

    attachment #1: screenshot (image/png) ──────────────────────────────────────────────────────────
    ../test-results/accessibility-Accessibilit-d510f-hould-be-usable-at-200-zoom-chromium/test-failed-1.png
    ────────────────────────────────────────────────────────────────────────────────────────────────

    attachment #2: video (video/webm) ──────────────────────────────────────────────────────────────
    ../test-results/accessibility-Accessibilit-d510f-hould-be-usable-at-200-zoom-chromium/video.webm
    ────────────────────────────────────────────────────────────────────────────────────────────────
]]>
</failure>
<system-out>
<![CDATA[
[[ATTACHMENT|../test-results/accessibility-Accessibilit-d510f-hould-be-usable-at-200-zoom-chromium/test-failed-1.png]]

[[ATTACHMENT|../test-results/accessibility-Accessibilit-d510f-hould-be-usable-at-200-zoom-chromium/video.webm]]
]]>
</system-out>
</testcase>
<testcase name="Accessibility Tests › should provide error messages for form validation" classname="accessibility.spec.ts" time="32.254">
<failure message="accessibility.spec.ts:203:3 should provide error messages for form validation" type="FAILURE">
<![CDATA[  [chromium] › accessibility.spec.ts:203:3 › Accessibility Tests › should provide error messages for form validation 

    Test timeout of 30000ms exceeded.

    Error: locator.click: Test timeout of 30000ms exceeded.
    Call log:
      - waiting for getByRole('button', { name: /get started/i })


      205 |     
      206 |     // Open sign up modal
    > 207 |     await page.getByRole('button', { name: /get started/i }).click()
          |                                                              ^
      208 |     
      209 |     // Try to submit without filling required fields
      210 |     await page.getByRole('button', { name: /create account/i }).click()
        at /home/t043r/Personal-Projects/jobGenie/e2e/accessibility.spec.ts:207:62

    attachment #1: screenshot (image/png) ──────────────────────────────────────────────────────────
    ../test-results/accessibility-Accessibilit-be727-essages-for-form-validation-chromium/test-failed-1.png
    ────────────────────────────────────────────────────────────────────────────────────────────────

    attachment #2: video (video/webm) ──────────────────────────────────────────────────────────────
    ../test-results/accessibility-Accessibilit-be727-essages-for-form-validation-chromium/video.webm
    ────────────────────────────────────────────────────────────────────────────────────────────────

    Error Context: ../test-results/accessibility-Accessibilit-be727-essages-for-form-validation-chromium/error-context.md
]]>
</failure>
<system-out>
<![CDATA[
[[ATTACHMENT|../test-results/accessibility-Accessibilit-be727-essages-for-form-validation-chromium/test-failed-1.png]]

[[ATTACHMENT|../test-results/accessibility-Accessibilit-be727-essages-for-form-validation-chromium/video.webm]]

[[ATTACHMENT|../test-results/accessibility-Accessibilit-be727-essages-for-form-validation-chromium/error-context.md]]
]]>
</system-out>
</testcase>
<testcase name="Accessibility Tests › should announce dynamic content changes" classname="accessibility.spec.ts" time="31.706">
<failure message="accessibility.spec.ts:226:3 should announce dynamic content changes" type="FAILURE">
<![CDATA[  [chromium] › accessibility.spec.ts:226:3 › Accessibility Tests › should announce dynamic content changes 

    Test timeout of 30000ms exceeded.

    Error: locator.click: Test timeout of 30000ms exceeded.
    Call log:
      - waiting for getByRole('button', { name: /get started/i })


      228 |     
      229 |     // Open modal - this is a dynamic content change
    > 230 |     await page.getByRole('button', { name: /get started/i }).click()
          |                                                              ^
      231 |     
      232 |     // Modal should be announced to screen readers
      233 |     const modal = page.getByRole('dialog')
        at /home/t043r/Personal-Projects/jobGenie/e2e/accessibility.spec.ts:230:62

    attachment #1: screenshot (image/png) ──────────────────────────────────────────────────────────
    ../test-results/accessibility-Accessibilit-93146-nce-dynamic-content-changes-chromium/test-failed-1.png
    ────────────────────────────────────────────────────────────────────────────────────────────────

    attachment #2: video (video/webm) ──────────────────────────────────────────────────────────────
    ../test-results/accessibility-Accessibilit-93146-nce-dynamic-content-changes-chromium/video.webm
    ────────────────────────────────────────────────────────────────────────────────────────────────

    Error Context: ../test-results/accessibility-Accessibilit-93146-nce-dynamic-content-changes-chromium/error-context.md
]]>
</failure>
<system-out>
<![CDATA[
[[ATTACHMENT|../test-results/accessibility-Accessibilit-93146-nce-dynamic-content-changes-chromium/test-failed-1.png]]

[[ATTACHMENT|../test-results/accessibility-Accessibilit-93146-nce-dynamic-content-changes-chromium/video.webm]]

[[ATTACHMENT|../test-results/accessibility-Accessibilit-93146-nce-dynamic-content-changes-chromium/error-context.md]]
]]>
</system-out>
</testcase>
</testsuite>
<testsuite name="auth.spec.ts" timestamp="2025-09-19T07:09:12.844Z" hostname="chromium" tests="7" failures="7" skipped="0" time="223.684" errors="0">
<testcase name="Authentication Flow › should complete sign up flow" classname="auth.spec.ts" time="32.385">
<failure message="auth.spec.ts:8:3 should complete sign up flow" type="FAILURE">
<![CDATA[  [chromium] › auth.spec.ts:8:3 › Authentication Flow › should complete sign up flow ───────────────

    Test timeout of 30000ms exceeded.

    Error: locator.click: Test timeout of 30000ms exceeded.
    Call log:
      - waiting for getByRole('button', { name: /get started/i })


       8 |   test('should complete sign up flow', async ({ page }) => {
       9 |     // Open sign up modal
    > 10 |     await page.getByRole('button', { name: /get started/i }).click()
         |                                                              ^
      11 |     await expect(page.getByRole('dialog')).toBeVisible()
      12 |
      13 |     // Fill out sign up form
        at /home/t043r/Personal-Projects/jobGenie/e2e/auth.spec.ts:10:62

    attachment #1: screenshot (image/png) ──────────────────────────────────────────────────────────
    ../test-results/auth-Authentication-Flow-should-complete-sign-up-flow-chromium/test-failed-1.png
    ────────────────────────────────────────────────────────────────────────────────────────────────

    attachment #2: video (video/webm) ──────────────────────────────────────────────────────────────
    ../test-results/auth-Authentication-Flow-should-complete-sign-up-flow-chromium/video.webm
    ────────────────────────────────────────────────────────────────────────────────────────────────

    Error Context: ../test-results/auth-Authentication-Flow-should-complete-sign-up-flow-chromium/error-context.md
]]>
</failure>
<system-out>
<![CDATA[
[[ATTACHMENT|../test-results/auth-Authentication-Flow-should-complete-sign-up-flow-chromium/test-failed-1.png]]

[[ATTACHMENT|../test-results/auth-Authentication-Flow-should-complete-sign-up-flow-chromium/video.webm]]

[[ATTACHMENT|../test-results/auth-Authentication-Flow-should-complete-sign-up-flow-chromium/error-context.md]]
]]>
</system-out>
</testcase>
<testcase name="Authentication Flow › should complete sign in flow" classname="auth.spec.ts" time="31.621">
<failure message="auth.spec.ts:29:3 should complete sign in flow" type="FAILURE">
<![CDATA[  [chromium] › auth.spec.ts:29:3 › Authentication Flow › should complete sign in flow ──────────────

    Test timeout of 30000ms exceeded.

    Error: locator.click: Test timeout of 30000ms exceeded.
    Call log:
      - waiting for getByRole('button', { name: /sign in/i })


      29 |   test('should complete sign in flow', async ({ page }) => {
      30 |     // Open sign in modal
    > 31 |     await page.getByRole('button', { name: /sign in/i }).click()
         |                                                          ^
      32 |     await expect(page.getByRole('dialog')).toBeVisible()
      33 |
      34 |     // Fill out sign in form
        at /home/t043r/Personal-Projects/jobGenie/e2e/auth.spec.ts:31:58

    attachment #1: screenshot (image/png) ──────────────────────────────────────────────────────────
    ../test-results/auth-Authentication-Flow-should-complete-sign-in-flow-chromium/test-failed-1.png
    ────────────────────────────────────────────────────────────────────────────────────────────────

    attachment #2: video (video/webm) ──────────────────────────────────────────────────────────────
    ../test-results/auth-Authentication-Flow-should-complete-sign-in-flow-chromium/video.webm
    ────────────────────────────────────────────────────────────────────────────────────────────────

    Error Context: ../test-results/auth-Authentication-Flow-should-complete-sign-in-flow-chromium/error-context.md
]]>
</failure>
<system-out>
<![CDATA[
[[ATTACHMENT|../test-results/auth-Authentication-Flow-should-complete-sign-in-flow-chromium/test-failed-1.png]]

[[ATTACHMENT|../test-results/auth-Authentication-Flow-should-complete-sign-in-flow-chromium/video.webm]]

[[ATTACHMENT|../test-results/auth-Authentication-Flow-should-complete-sign-in-flow-chromium/error-context.md]]
]]>
</system-out>
</testcase>
<testcase name="Authentication Flow › should validate form inputs" classname="auth.spec.ts" time="32.151">
<failure message="auth.spec.ts:48:3 should validate form inputs" type="FAILURE">
<![CDATA[  [chromium] › auth.spec.ts:48:3 › Authentication Flow › should validate form inputs ───────────────

    Test timeout of 30000ms exceeded.

    Error: locator.click: Test timeout of 30000ms exceeded.
    Call log:
      - waiting for getByRole('button', { name: /get started/i })


      48 |   test('should validate form inputs', async ({ page }) => {
      49 |     // Open sign up modal
    > 50 |     await page.getByRole('button', { name: /get started/i }).click()
         |                                                              ^
      51 |
      52 |     // Try to submit without filling required fields
      53 |     await page.getByRole('button', { name: /create account/i }).click()
        at /home/t043r/Personal-Projects/jobGenie/e2e/auth.spec.ts:50:62

    attachment #1: screenshot (image/png) ──────────────────────────────────────────────────────────
    ../test-results/auth-Authentication-Flow-should-validate-form-inputs-chromium/test-failed-1.png
    ────────────────────────────────────────────────────────────────────────────────────────────────

    attachment #2: video (video/webm) ──────────────────────────────────────────────────────────────
    ../test-results/auth-Authentication-Flow-should-validate-form-inputs-chromium/video.webm
    ────────────────────────────────────────────────────────────────────────────────────────────────

    Error Context: ../test-results/auth-Authentication-Flow-should-validate-form-inputs-chromium/error-context.md
]]>
</failure>
<system-out>
<![CDATA[
[[ATTACHMENT|../test-results/auth-Authentication-Flow-should-validate-form-inputs-chromium/test-failed-1.png]]

[[ATTACHMENT|../test-results/auth-Authentication-Flow-should-validate-form-inputs-chromium/video.webm]]

[[ATTACHMENT|../test-results/auth-Authentication-Flow-should-validate-form-inputs-chromium/error-context.md]]
]]>
</system-out>
</testcase>
<testcase name="Authentication Flow › should validate email format" classname="auth.spec.ts" time="31.383">
<failure message="auth.spec.ts:61:3 should validate email format" type="FAILURE">
<![CDATA[  [chromium] › auth.spec.ts:61:3 › Authentication Flow › should validate email format ──────────────

    Test timeout of 30000ms exceeded.

    Error: locator.click: Test timeout of 30000ms exceeded.
    Call log:
      - waiting for getByRole('button', { name: /get started/i })


      61 |   test('should validate email format', async ({ page }) => {
      62 |     // Open sign up modal
    > 63 |     await page.getByRole('button', { name: /get started/i }).click()
         |                                                              ^
      64 |
      65 |     // Fill with invalid email
      66 |     await page.getByLabel(/email/i).fill('invalid-email')
        at /home/t043r/Personal-Projects/jobGenie/e2e/auth.spec.ts:63:62

    attachment #1: screenshot (image/png) ──────────────────────────────────────────────────────────
    ../test-results/auth-Authentication-Flow-should-validate-email-format-chromium/test-failed-1.png
    ────────────────────────────────────────────────────────────────────────────────────────────────

    attachment #2: video (video/webm) ──────────────────────────────────────────────────────────────
    ../test-results/auth-Authentication-Flow-should-validate-email-format-chromium/video.webm
    ────────────────────────────────────────────────────────────────────────────────────────────────

    Error Context: ../test-results/auth-Authentication-Flow-should-validate-email-format-chromium/error-context.md
]]>
</failure>
<system-out>
<![CDATA[
[[ATTACHMENT|../test-results/auth-Authentication-Flow-should-validate-email-format-chromium/test-failed-1.png]]

[[ATTACHMENT|../test-results/auth-Authentication-Flow-should-validate-email-format-chromium/video.webm]]

[[ATTACHMENT|../test-results/auth-Authentication-Flow-should-validate-email-format-chromium/error-context.md]]
]]>
</system-out>
</testcase>
<testcase name="Authentication Flow › should validate password length" classname="auth.spec.ts" time="32.337">
<failure message="auth.spec.ts:73:3 should validate password length" type="FAILURE">
<![CDATA[  [chromium] › auth.spec.ts:73:3 › Authentication Flow › should validate password length ───────────

    Test timeout of 30000ms exceeded.

    Error: locator.click: Test timeout of 30000ms exceeded.
    Call log:
      - waiting for getByRole('button', { name: /get started/i })


      73 |   test('should validate password length', async ({ page }) => {
      74 |     // Open sign up modal
    > 75 |     await page.getByRole('button', { name: /get started/i }).click()
         |                                                              ^
      76 |
      77 |     // Fill with short password
      78 |     await page.getByLabel(/password/i).fill('123')
        at /home/t043r/Personal-Projects/jobGenie/e2e/auth.spec.ts:75:62

    attachment #1: screenshot (image/png) ──────────────────────────────────────────────────────────
    ../test-results/auth-Authentication-Flow-should-validate-password-length-chromium/test-failed-1.png
    ────────────────────────────────────────────────────────────────────────────────────────────────

    attachment #2: video (video/webm) ──────────────────────────────────────────────────────────────
    ../test-results/auth-Authentication-Flow-should-validate-password-length-chromium/video.webm
    ────────────────────────────────────────────────────────────────────────────────────────────────

    Error Context: ../test-results/auth-Authentication-Flow-should-validate-password-length-chromium/error-context.md
]]>
</failure>
<system-out>
<![CDATA[
[[ATTACHMENT|../test-results/auth-Authentication-Flow-should-validate-password-length-chromium/test-failed-1.png]]

[[ATTACHMENT|../test-results/auth-Authentication-Flow-should-validate-password-length-chromium/video.webm]]

[[ATTACHMENT|../test-results/auth-Authentication-Flow-should-validate-password-length-chromium/error-context.md]]
]]>
</system-out>
</testcase>
<testcase name="Authentication Flow › should switch between sign in and sign up modes" classname="auth.spec.ts" time="31.439">
<failure message="auth.spec.ts:85:3 should switch between sign in and sign up modes" type="FAILURE">
<![CDATA[  [chromium] › auth.spec.ts:85:3 › Authentication Flow › should switch between sign in and sign up modes 

    Test timeout of 30000ms exceeded.

    Error: locator.click: Test timeout of 30000ms exceeded.
    Call log:
      - waiting for getByRole('button', { name: /get started/i })


      85 |   test('should switch between sign in and sign up modes', async ({ page }) => {
      86 |     // Open sign up modal
    > 87 |     await page.getByRole('button', { name: /get started/i }).click()
         |                                                              ^
      88 |     await expect(page.getByRole('heading', { name: /create account/i })).toBeVisible()
      89 |
      90 |     // Switch to sign in
        at /home/t043r/Personal-Projects/jobGenie/e2e/auth.spec.ts:87:62

    attachment #1: screenshot (image/png) ──────────────────────────────────────────────────────────
    ../test-results/auth-Authentication-Flow-s-cd98d-n-sign-in-and-sign-up-modes-chromium/test-failed-1.png
    ────────────────────────────────────────────────────────────────────────────────────────────────

    attachment #2: video (video/webm) ──────────────────────────────────────────────────────────────
    ../test-results/auth-Authentication-Flow-s-cd98d-n-sign-in-and-sign-up-modes-chromium/video.webm
    ────────────────────────────────────────────────────────────────────────────────────────────────

    Error Context: ../test-results/auth-Authentication-Flow-s-cd98d-n-sign-in-and-sign-up-modes-chromium/error-context.md
]]>
</failure>
<system-out>
<![CDATA[
[[ATTACHMENT|../test-results/auth-Authentication-Flow-s-cd98d-n-sign-in-and-sign-up-modes-chromium/test-failed-1.png]]

[[ATTACHMENT|../test-results/auth-Authentication-Flow-s-cd98d-n-sign-in-and-sign-up-modes-chromium/video.webm]]

[[ATTACHMENT|../test-results/auth-Authentication-Flow-s-cd98d-n-sign-in-and-sign-up-modes-chromium/error-context.md]]
]]>
</system-out>
</testcase>
<testcase name="Authentication Flow › should close modal when clicking close button" classname="auth.spec.ts" time="32.368">
<failure message="auth.spec.ts:99:3 should close modal when clicking close button" type="FAILURE">
<![CDATA[  [chromium] › auth.spec.ts:99:3 › Authentication Flow › should close modal when clicking close button 

    Test timeout of 30000ms exceeded.

    Error: locator.click: Test timeout of 30000ms exceeded.
    Call log:
      - waiting for getByRole('button', { name: /get started/i })


       99 |   test('should close modal when clicking close button', async ({ page }) => {
      100 |     // Open modal
    > 101 |     await page.getByRole('button', { name: /get started/i }).click()
          |                                                              ^
      102 |     await expect(page.getByRole('dialog')).toBeVisible()
      103 |
      104 |     // Close modal
        at /home/t043r/Personal-Projects/jobGenie/e2e/auth.spec.ts:101:62

    attachment #1: screenshot (image/png) ──────────────────────────────────────────────────────────
    ../test-results/auth-Authentication-Flow-s-27d81--when-clicking-close-button-chromium/test-failed-1.png
    ────────────────────────────────────────────────────────────────────────────────────────────────

    attachment #2: video (video/webm) ──────────────────────────────────────────────────────────────
    ../test-results/auth-Authentication-Flow-s-27d81--when-clicking-close-button-chromium/video.webm
    ────────────────────────────────────────────────────────────────────────────────────────────────

    Error Context: ../test-results/auth-Authentication-Flow-s-27d81--when-clicking-close-button-chromium/error-context.md
]]>
</failure>
<system-out>
<![CDATA[
[[ATTACHMENT|../test-results/auth-Authentication-Flow-s-27d81--when-clicking-close-button-chromium/test-failed-1.png]]

[[ATTACHMENT|../test-results/auth-Authentication-Flow-s-27d81--when-clicking-close-button-chromium/video.webm]]

[[ATTACHMENT|../test-results/auth-Authentication-Flow-s-27d81--when-clicking-close-button-chromium/error-context.md]]
]]>
</system-out>
</testcase>
</testsuite>
<testsuite name="job-search.spec.ts" timestamp="2025-09-19T07:09:12.844Z" hostname="chromium" tests="12" failures="12" skipped="0" time="391.585" errors="0">
<testcase name="Job Search Flow › should display job feed on home page" classname="job-search.spec.ts" time="31.183">
<failure message="job-search.spec.ts:19:3 should display job feed on home page" type="FAILURE">
<![CDATA[  [chromium] › job-search.spec.ts:19:3 › Job Search Flow › should display job feed on home page ────

    Test timeout of 30000ms exceeded while running "beforeEach" hook.

      2 |
      3 | test.describe('Job Search Flow', () => {
    > 4 |   test.beforeEach(async ({ page }) => {
        |        ^
      5 |     // Mock authentication for these tests
      6 |     await page.goto('/')
      7 |     await page.getByRole('button', { name: /get started/i }).click()
        at /home/t043r/Personal-Projects/jobGenie/e2e/job-search.spec.ts:4:8

    Error: locator.click: Test timeout of 30000ms exceeded.
    Call log:
      - waiting for getByRole('button', { name: /get started/i })


       5 |     // Mock authentication for these tests
       6 |     await page.goto('/')
    >  7 |     await page.getByRole('button', { name: /get started/i }).click()
         |                                                              ^
       8 |     
       9 |     // Fill out sign up form
      10 |     await page.getByLabel(/full name/i).fill('John Doe')
        at /home/t043r/Personal-Projects/jobGenie/e2e/job-search.spec.ts:7:62

    attachment #1: screenshot (image/png) ──────────────────────────────────────────────────────────
    ../test-results/job-search-Job-Search-Flow-ee4cf-splay-job-feed-on-home-page-chromium/test-failed-1.png
    ────────────────────────────────────────────────────────────────────────────────────────────────

    attachment #2: video (video/webm) ──────────────────────────────────────────────────────────────
    ../test-results/job-search-Job-Search-Flow-ee4cf-splay-job-feed-on-home-page-chromium/video.webm
    ────────────────────────────────────────────────────────────────────────────────────────────────

    Error Context: ../test-results/job-search-Job-Search-Flow-ee4cf-splay-job-feed-on-home-page-chromium/error-context.md
]]>
</failure>
<system-out>
<![CDATA[
[[ATTACHMENT|../test-results/job-search-Job-Search-Flow-ee4cf-splay-job-feed-on-home-page-chromium/test-failed-1.png]]

[[ATTACHMENT|../test-results/job-search-Job-Search-Flow-ee4cf-splay-job-feed-on-home-page-chromium/video.webm]]

[[ATTACHMENT|../test-results/job-search-Job-Search-Flow-ee4cf-splay-job-feed-on-home-page-chromium/error-context.md]]
]]>
</system-out>
</testcase>
<testcase name="Job Search Flow › should show job filter tabs" classname="job-search.spec.ts" time="32.867">
<failure message="job-search.spec.ts:24:3 should show job filter tabs" type="FAILURE">
<![CDATA[  [chromium] › job-search.spec.ts:24:3 › Job Search Flow › should show job filter tabs ─────────────

    Test timeout of 30000ms exceeded while running "beforeEach" hook.

      2 |
      3 | test.describe('Job Search Flow', () => {
    > 4 |   test.beforeEach(async ({ page }) => {
        |        ^
      5 |     // Mock authentication for these tests
      6 |     await page.goto('/')
      7 |     await page.getByRole('button', { name: /get started/i }).click()
        at /home/t043r/Personal-Projects/jobGenie/e2e/job-search.spec.ts:4:8

    Error: locator.click: Test timeout of 30000ms exceeded.
    Call log:
      - waiting for getByRole('button', { name: /get started/i })


       5 |     // Mock authentication for these tests
       6 |     await page.goto('/')
    >  7 |     await page.getByRole('button', { name: /get started/i }).click()
         |                                                              ^
       8 |     
       9 |     // Fill out sign up form
      10 |     await page.getByLabel(/full name/i).fill('John Doe')
        at /home/t043r/Personal-Projects/jobGenie/e2e/job-search.spec.ts:7:62

    attachment #1: screenshot (image/png) ──────────────────────────────────────────────────────────
    ../test-results/job-search-Job-Search-Flow-should-show-job-filter-tabs-chromium/test-failed-1.png
    ────────────────────────────────────────────────────────────────────────────────────────────────

    attachment #2: video (video/webm) ──────────────────────────────────────────────────────────────
    ../test-results/job-search-Job-Search-Flow-should-show-job-filter-tabs-chromium/video.webm
    ────────────────────────────────────────────────────────────────────────────────────────────────

    Error Context: ../test-results/job-search-Job-Search-Flow-should-show-job-filter-tabs-chromium/error-context.md
]]>
</failure>
<system-out>
<![CDATA[
[[ATTACHMENT|../test-results/job-search-Job-Search-Flow-should-show-job-filter-tabs-chromium/test-failed-1.png]]

[[ATTACHMENT|../test-results/job-search-Job-Search-Flow-should-show-job-filter-tabs-chromium/video.webm]]

[[ATTACHMENT|../test-results/job-search-Job-Search-Flow-should-show-job-filter-tabs-chromium/error-context.md]]
]]>
</system-out>
</testcase>
<testcase name="Job Search Flow › should switch between filter tabs" classname="job-search.spec.ts" time="31.308">
<failure message="job-search.spec.ts:32:3 should switch between filter tabs" type="FAILURE">
<![CDATA[  [chromium] › job-search.spec.ts:32:3 › Job Search Flow › should switch between filter tabs ───────

    Test timeout of 30000ms exceeded while running "beforeEach" hook.

      2 |
      3 | test.describe('Job Search Flow', () => {
    > 4 |   test.beforeEach(async ({ page }) => {
        |        ^
      5 |     // Mock authentication for these tests
      6 |     await page.goto('/')
      7 |     await page.getByRole('button', { name: /get started/i }).click()
        at /home/t043r/Personal-Projects/jobGenie/e2e/job-search.spec.ts:4:8

    Error: locator.click: Test timeout of 30000ms exceeded.
    Call log:
      - waiting for getByRole('button', { name: /get started/i })


       5 |     // Mock authentication for these tests
       6 |     await page.goto('/')
    >  7 |     await page.getByRole('button', { name: /get started/i }).click()
         |                                                              ^
       8 |     
       9 |     // Fill out sign up form
      10 |     await page.getByLabel(/full name/i).fill('John Doe')
        at /home/t043r/Personal-Projects/jobGenie/e2e/job-search.spec.ts:7:62

    attachment #1: screenshot (image/png) ──────────────────────────────────────────────────────────
    ../test-results/job-search-Job-Search-Flow-should-switch-between-filter-tabs-chromium/test-failed-1.png
    ────────────────────────────────────────────────────────────────────────────────────────────────

    attachment #2: video (video/webm) ──────────────────────────────────────────────────────────────
    ../test-results/job-search-Job-Search-Flow-should-switch-between-filter-tabs-chromium/video.webm
    ────────────────────────────────────────────────────────────────────────────────────────────────

    Error Context: ../test-results/job-search-Job-Search-Flow-should-switch-between-filter-tabs-chromium/error-context.md
]]>
</failure>
<system-out>
<![CDATA[
[[ATTACHMENT|../test-results/job-search-Job-Search-Flow-should-switch-between-filter-tabs-chromium/test-failed-1.png]]

[[ATTACHMENT|../test-results/job-search-Job-Search-Flow-should-switch-between-filter-tabs-chromium/video.webm]]

[[ATTACHMENT|../test-results/job-search-Job-Search-Flow-should-switch-between-filter-tabs-chromium/error-context.md]]
]]>
</system-out>
</testcase>
<testcase name="Job Search Flow › should display job cards with required information" classname="job-search.spec.ts" time="34.861">
<failure message="job-search.spec.ts:42:3 should display job cards with required information" type="FAILURE">
<![CDATA[  [chromium] › job-search.spec.ts:42:3 › Job Search Flow › should display job cards with required information 

    Test timeout of 30000ms exceeded while running "beforeEach" hook.

      2 |
      3 | test.describe('Job Search Flow', () => {
    > 4 |   test.beforeEach(async ({ page }) => {
        |        ^
      5 |     // Mock authentication for these tests
      6 |     await page.goto('/')
      7 |     await page.getByRole('button', { name: /get started/i }).click()
        at /home/t043r/Personal-Projects/jobGenie/e2e/job-search.spec.ts:4:8

    Error: locator.click: Test timeout of 30000ms exceeded.
    Call log:
      - waiting for getByRole('button', { name: /get started/i })


       5 |     // Mock authentication for these tests
       6 |     await page.goto('/')
    >  7 |     await page.getByRole('button', { name: /get started/i }).click()
         |                                                              ^
       8 |     
       9 |     // Fill out sign up form
      10 |     await page.getByLabel(/full name/i).fill('John Doe')
        at /home/t043r/Personal-Projects/jobGenie/e2e/job-search.spec.ts:7:62

    attachment #1: screenshot (image/png) ──────────────────────────────────────────────────────────
    ../test-results/job-search-Job-Search-Flow-a45ad-s-with-required-information-chromium/test-failed-1.png
    ────────────────────────────────────────────────────────────────────────────────────────────────

    attachment #2: video (video/webm) ──────────────────────────────────────────────────────────────
    ../test-results/job-search-Job-Search-Flow-a45ad-s-with-required-information-chromium/video.webm
    ────────────────────────────────────────────────────────────────────────────────────────────────

    Error Context: ../test-results/job-search-Job-Search-Flow-a45ad-s-with-required-information-chromium/error-context.md
]]>
</failure>
<system-out>
<![CDATA[
[[ATTACHMENT|../test-results/job-search-Job-Search-Flow-a45ad-s-with-required-information-chromium/test-failed-1.png]]

[[ATTACHMENT|../test-results/job-search-Job-Search-Flow-a45ad-s-with-required-information-chromium/video.webm]]

[[ATTACHMENT|../test-results/job-search-Job-Search-Flow-a45ad-s-with-required-information-chromium/error-context.md]]
]]>
</system-out>
</testcase>
<testcase name="Job Search Flow › should open advanced filters" classname="job-search.spec.ts" time="32.991">
<failure message="job-search.spec.ts:59:3 should open advanced filters" type="FAILURE">
<![CDATA[  [chromium] › job-search.spec.ts:59:3 › Job Search Flow › should open advanced filters ────────────

    Test timeout of 30000ms exceeded while running "beforeEach" hook.

      2 |
      3 | test.describe('Job Search Flow', () => {
    > 4 |   test.beforeEach(async ({ page }) => {
        |        ^
      5 |     // Mock authentication for these tests
      6 |     await page.goto('/')
      7 |     await page.getByRole('button', { name: /get started/i }).click()
        at /home/t043r/Personal-Projects/jobGenie/e2e/job-search.spec.ts:4:8

    Error: locator.click: Test timeout of 30000ms exceeded.
    Call log:
      - waiting for getByRole('button', { name: /get started/i })


       5 |     // Mock authentication for these tests
       6 |     await page.goto('/')
    >  7 |     await page.getByRole('button', { name: /get started/i }).click()
         |                                                              ^
       8 |     
       9 |     // Fill out sign up form
      10 |     await page.getByLabel(/full name/i).fill('John Doe')
        at /home/t043r/Personal-Projects/jobGenie/e2e/job-search.spec.ts:7:62

    attachment #1: screenshot (image/png) ──────────────────────────────────────────────────────────
    ../test-results/job-search-Job-Search-Flow-should-open-advanced-filters-chromium/test-failed-1.png
    ────────────────────────────────────────────────────────────────────────────────────────────────

    attachment #2: video (video/webm) ──────────────────────────────────────────────────────────────
    ../test-results/job-search-Job-Search-Flow-should-open-advanced-filters-chromium/video.webm
    ────────────────────────────────────────────────────────────────────────────────────────────────

    Error Context: ../test-results/job-search-Job-Search-Flow-should-open-advanced-filters-chromium/error-context.md
]]>
</failure>
<system-out>
<![CDATA[
[[ATTACHMENT|../test-results/job-search-Job-Search-Flow-should-open-advanced-filters-chromium/test-failed-1.png]]

[[ATTACHMENT|../test-results/job-search-Job-Search-Flow-should-open-advanced-filters-chromium/video.webm]]

[[ATTACHMENT|../test-results/job-search-Job-Search-Flow-should-open-advanced-filters-chromium/error-context.md]]
]]>
</system-out>
</testcase>
<testcase name="Job Search Flow › should apply filters and show results" classname="job-search.spec.ts" time="32.908">
<failure message="job-search.spec.ts:68:3 should apply filters and show results" type="FAILURE">
<![CDATA[  [chromium] › job-search.spec.ts:68:3 › Job Search Flow › should apply filters and show results ───

    Test timeout of 30000ms exceeded while running "beforeEach" hook.

      2 |
      3 | test.describe('Job Search Flow', () => {
    > 4 |   test.beforeEach(async ({ page }) => {
        |        ^
      5 |     // Mock authentication for these tests
      6 |     await page.goto('/')
      7 |     await page.getByRole('button', { name: /get started/i }).click()
        at /home/t043r/Personal-Projects/jobGenie/e2e/job-search.spec.ts:4:8

    Error: locator.click: Test timeout of 30000ms exceeded.
    Call log:
      - waiting for getByRole('button', { name: /get started/i })


       5 |     // Mock authentication for these tests
       6 |     await page.goto('/')
    >  7 |     await page.getByRole('button', { name: /get started/i }).click()
         |                                                              ^
       8 |     
       9 |     // Fill out sign up form
      10 |     await page.getByLabel(/full name/i).fill('John Doe')
        at /home/t043r/Personal-Projects/jobGenie/e2e/job-search.spec.ts:7:62

    attachment #1: screenshot (image/png) ──────────────────────────────────────────────────────────
    ../test-results/job-search-Job-Search-Flow-5766e-ly-filters-and-show-results-chromium/test-failed-1.png
    ────────────────────────────────────────────────────────────────────────────────────────────────

    attachment #2: video (video/webm) ──────────────────────────────────────────────────────────────
    ../test-results/job-search-Job-Search-Flow-5766e-ly-filters-and-show-results-chromium/video.webm
    ────────────────────────────────────────────────────────────────────────────────────────────────

    Error Context: ../test-results/job-search-Job-Search-Flow-5766e-ly-filters-and-show-results-chromium/error-context.md
]]>
</failure>
<system-out>
<![CDATA[
[[ATTACHMENT|../test-results/job-search-Job-Search-Flow-5766e-ly-filters-and-show-results-chromium/test-failed-1.png]]

[[ATTACHMENT|../test-results/job-search-Job-Search-Flow-5766e-ly-filters-and-show-results-chromium/video.webm]]

[[ATTACHMENT|../test-results/job-search-Job-Search-Flow-5766e-ly-filters-and-show-results-chromium/error-context.md]]
]]>
</system-out>
</testcase>
<testcase name="Job Search Flow › should save and unsave jobs" classname="job-search.spec.ts" time="33.346">
<failure message="job-search.spec.ts:84:3 should save and unsave jobs" type="FAILURE">
<![CDATA[  [chromium] › job-search.spec.ts:84:3 › Job Search Flow › should save and unsave jobs ─────────────

    Test timeout of 30000ms exceeded while running "beforeEach" hook.

      2 |
      3 | test.describe('Job Search Flow', () => {
    > 4 |   test.beforeEach(async ({ page }) => {
        |        ^
      5 |     // Mock authentication for these tests
      6 |     await page.goto('/')
      7 |     await page.getByRole('button', { name: /get started/i }).click()
        at /home/t043r/Personal-Projects/jobGenie/e2e/job-search.spec.ts:4:8

    Error: locator.click: Test timeout of 30000ms exceeded.
    Call log:
      - waiting for getByRole('button', { name: /get started/i })


       5 |     // Mock authentication for these tests
       6 |     await page.goto('/')
    >  7 |     await page.getByRole('button', { name: /get started/i }).click()
         |                                                              ^
       8 |     
       9 |     // Fill out sign up form
      10 |     await page.getByLabel(/full name/i).fill('John Doe')
        at /home/t043r/Personal-Projects/jobGenie/e2e/job-search.spec.ts:7:62

    attachment #1: screenshot (image/png) ──────────────────────────────────────────────────────────
    ../test-results/job-search-Job-Search-Flow-should-save-and-unsave-jobs-chromium/test-failed-1.png
    ────────────────────────────────────────────────────────────────────────────────────────────────

    attachment #2: video (video/webm) ──────────────────────────────────────────────────────────────
    ../test-results/job-search-Job-Search-Flow-should-save-and-unsave-jobs-chromium/video.webm
    ────────────────────────────────────────────────────────────────────────────────────────────────

    Error Context: ../test-results/job-search-Job-Search-Flow-should-save-and-unsave-jobs-chromium/error-context.md
]]>
</failure>
<system-out>
<![CDATA[
[[ATTACHMENT|../test-results/job-search-Job-Search-Flow-should-save-and-unsave-jobs-chromium/test-failed-1.png]]

[[ATTACHMENT|../test-results/job-search-Job-Search-Flow-should-save-and-unsave-jobs-chromium/video.webm]]

[[ATTACHMENT|../test-results/job-search-Job-Search-Flow-should-save-and-unsave-jobs-chromium/error-context.md]]
]]>
</system-out>
</testcase>
<testcase name="Job Search Flow › should navigate to saved jobs tab and show saved jobs" classname="job-search.spec.ts" time="32.796">
<failure message="job-search.spec.ts:102:3 should navigate to saved jobs tab and show saved jobs" type="FAILURE">
<![CDATA[  [chromium] › job-search.spec.ts:102:3 › Job Search Flow › should navigate to saved jobs tab and show saved jobs 

    Test timeout of 30000ms exceeded while running "beforeEach" hook.

      2 |
      3 | test.describe('Job Search Flow', () => {
    > 4 |   test.beforeEach(async ({ page }) => {
        |        ^
      5 |     // Mock authentication for these tests
      6 |     await page.goto('/')
      7 |     await page.getByRole('button', { name: /get started/i }).click()
        at /home/t043r/Personal-Projects/jobGenie/e2e/job-search.spec.ts:4:8

    Error: locator.click: Test timeout of 30000ms exceeded.
    Call log:
      - waiting for getByRole('button', { name: /get started/i })


       5 |     // Mock authentication for these tests
       6 |     await page.goto('/')
    >  7 |     await page.getByRole('button', { name: /get started/i }).click()
         |                                                              ^
       8 |     
       9 |     // Fill out sign up form
      10 |     await page.getByLabel(/full name/i).fill('John Doe')
        at /home/t043r/Personal-Projects/jobGenie/e2e/job-search.spec.ts:7:62

    attachment #1: screenshot (image/png) ──────────────────────────────────────────────────────────
    ../test-results/job-search-Job-Search-Flow-e3c91-obs-tab-and-show-saved-jobs-chromium/test-failed-1.png
    ────────────────────────────────────────────────────────────────────────────────────────────────

    attachment #2: video (video/webm) ──────────────────────────────────────────────────────────────
    ../test-results/job-search-Job-Search-Flow-e3c91-obs-tab-and-show-saved-jobs-chromium/video.webm
    ────────────────────────────────────────────────────────────────────────────────────────────────

    Error Context: ../test-results/job-search-Job-Search-Flow-e3c91-obs-tab-and-show-saved-jobs-chromium/error-context.md
]]>
</failure>
<system-out>
<![CDATA[
[[ATTACHMENT|../test-results/job-search-Job-Search-Flow-e3c91-obs-tab-and-show-saved-jobs-chromium/test-failed-1.png]]

[[ATTACHMENT|../test-results/job-search-Job-Search-Flow-e3c91-obs-tab-and-show-saved-jobs-chromium/video.webm]]

[[ATTACHMENT|../test-results/job-search-Job-Search-Flow-e3c91-obs-tab-and-show-saved-jobs-chromium/error-context.md]]
]]>
</system-out>
</testcase>
<testcase name="Job Search Flow › should show match scores on recommended jobs" classname="job-search.spec.ts" time="32.169">
<failure message="job-search.spec.ts:114:3 should show match scores on recommended jobs" type="FAILURE">
<![CDATA[  [chromium] › job-search.spec.ts:114:3 › Job Search Flow › should show match scores on recommended jobs 

    Test timeout of 30000ms exceeded while running "beforeEach" hook.

      2 |
      3 | test.describe('Job Search Flow', () => {
    > 4 |   test.beforeEach(async ({ page }) => {
        |        ^
      5 |     // Mock authentication for these tests
      6 |     await page.goto('/')
      7 |     await page.getByRole('button', { name: /get started/i }).click()
        at /home/t043r/Personal-Projects/jobGenie/e2e/job-search.spec.ts:4:8

    Error: locator.click: Test timeout of 30000ms exceeded.
    Call log:
      - waiting for getByRole('button', { name: /get started/i })


       5 |     // Mock authentication for these tests
       6 |     await page.goto('/')
    >  7 |     await page.getByRole('button', { name: /get started/i }).click()
         |                                                              ^
       8 |     
       9 |     // Fill out sign up form
      10 |     await page.getByLabel(/full name/i).fill('John Doe')
        at /home/t043r/Personal-Projects/jobGenie/e2e/job-search.spec.ts:7:62

    attachment #1: screenshot (image/png) ──────────────────────────────────────────────────────────
    ../test-results/job-search-Job-Search-Flow-db40b--scores-on-recommended-jobs-chromium/test-failed-1.png
    ────────────────────────────────────────────────────────────────────────────────────────────────

    attachment #2: video (video/webm) ──────────────────────────────────────────────────────────────
    ../test-results/job-search-Job-Search-Flow-db40b--scores-on-recommended-jobs-chromium/video.webm
    ────────────────────────────────────────────────────────────────────────────────────────────────

    Error Context: ../test-results/job-search-Job-Search-Flow-db40b--scores-on-recommended-jobs-chromium/error-context.md
]]>
</failure>
<system-out>
<![CDATA[
[[ATTACHMENT|../test-results/job-search-Job-Search-Flow-db40b--scores-on-recommended-jobs-chromium/test-failed-1.png]]

[[ATTACHMENT|../test-results/job-search-Job-Search-Flow-db40b--scores-on-recommended-jobs-chromium/video.webm]]

[[ATTACHMENT|../test-results/job-search-Job-Search-Flow-db40b--scores-on-recommended-jobs-chromium/error-context.md]]
]]>
</system-out>
</testcase>
<testcase name="Job Search Flow › should load more jobs when clicking load more" classname="job-search.spec.ts" time="33.393">
<failure message="job-search.spec.ts:122:3 should load more jobs when clicking load more" type="FAILURE">
<![CDATA[  [chromium] › job-search.spec.ts:122:3 › Job Search Flow › should load more jobs when clicking load more 

    Test timeout of 30000ms exceeded while running "beforeEach" hook.

      2 |
      3 | test.describe('Job Search Flow', () => {
    > 4 |   test.beforeEach(async ({ page }) => {
        |        ^
      5 |     // Mock authentication for these tests
      6 |     await page.goto('/')
      7 |     await page.getByRole('button', { name: /get started/i }).click()
        at /home/t043r/Personal-Projects/jobGenie/e2e/job-search.spec.ts:4:8

    Error: locator.click: Test timeout of 30000ms exceeded.
    Call log:
      - waiting for getByRole('button', { name: /get started/i })


       5 |     // Mock authentication for these tests
       6 |     await page.goto('/')
    >  7 |     await page.getByRole('button', { name: /get started/i }).click()
         |                                                              ^
       8 |     
       9 |     // Fill out sign up form
      10 |     await page.getByLabel(/full name/i).fill('John Doe')
        at /home/t043r/Personal-Projects/jobGenie/e2e/job-search.spec.ts:7:62

    attachment #1: screenshot (image/png) ──────────────────────────────────────────────────────────
    ../test-results/job-search-Job-Search-Flow-54285-obs-when-clicking-load-more-chromium/test-failed-1.png
    ────────────────────────────────────────────────────────────────────────────────────────────────

    attachment #2: video (video/webm) ──────────────────────────────────────────────────────────────
    ../test-results/job-search-Job-Search-Flow-54285-obs-when-clicking-load-more-chromium/video.webm
    ────────────────────────────────────────────────────────────────────────────────────────────────

    Error Context: ../test-results/job-search-Job-Search-Flow-54285-obs-when-clicking-load-more-chromium/error-context.md
]]>
</failure>
<system-out>
<![CDATA[
[[ATTACHMENT|../test-results/job-search-Job-Search-Flow-54285-obs-when-clicking-load-more-chromium/test-failed-1.png]]

[[ATTACHMENT|../test-results/job-search-Job-Search-Flow-54285-obs-when-clicking-load-more-chromium/video.webm]]

[[ATTACHMENT|../test-results/job-search-Job-Search-Flow-54285-obs-when-clicking-load-more-chromium/error-context.md]]
]]>
</system-out>
</testcase>
<testcase name="Job Search Flow › should search for jobs using the search bar" classname="job-search.spec.ts" time="33.134">
<failure message="job-search.spec.ts:134:3 should search for jobs using the search bar" type="FAILURE">
<![CDATA[  [chromium] › job-search.spec.ts:134:3 › Job Search Flow › should search for jobs using the search bar 

    Test timeout of 30000ms exceeded while running "beforeEach" hook.

      2 |
      3 | test.describe('Job Search Flow', () => {
    > 4 |   test.beforeEach(async ({ page }) => {
        |        ^
      5 |     // Mock authentication for these tests
      6 |     await page.goto('/')
      7 |     await page.getByRole('button', { name: /get started/i }).click()
        at /home/t043r/Personal-Projects/jobGenie/e2e/job-search.spec.ts:4:8

    Error: locator.click: Test timeout of 30000ms exceeded.
    Call log:
      - waiting for getByRole('button', { name: /get started/i })


       5 |     // Mock authentication for these tests
       6 |     await page.goto('/')
    >  7 |     await page.getByRole('button', { name: /get started/i }).click()
         |                                                              ^
       8 |     
       9 |     // Fill out sign up form
      10 |     await page.getByLabel(/full name/i).fill('John Doe')
        at /home/t043r/Personal-Projects/jobGenie/e2e/job-search.spec.ts:7:62

    attachment #1: screenshot (image/png) ──────────────────────────────────────────────────────────
    ../test-results/job-search-Job-Search-Flow-1b36b-r-jobs-using-the-search-bar-chromium/test-failed-1.png
    ────────────────────────────────────────────────────────────────────────────────────────────────

    attachment #2: video (video/webm) ──────────────────────────────────────────────────────────────
    ../test-results/job-search-Job-Search-Flow-1b36b-r-jobs-using-the-search-bar-chromium/video.webm
    ────────────────────────────────────────────────────────────────────────────────────────────────

    Error Context: ../test-results/job-search-Job-Search-Flow-1b36b-r-jobs-using-the-search-bar-chromium/error-context.md
]]>
</failure>
<system-out>
<![CDATA[
[[ATTACHMENT|../test-results/job-search-Job-Search-Flow-1b36b-r-jobs-using-the-search-bar-chromium/test-failed-1.png]]

[[ATTACHMENT|../test-results/job-search-Job-Search-Flow-1b36b-r-jobs-using-the-search-bar-chromium/video.webm]]

[[ATTACHMENT|../test-results/job-search-Job-Search-Flow-1b36b-r-jobs-using-the-search-bar-chromium/error-context.md]]
]]>
</system-out>
</testcase>
<testcase name="Job Search Flow › should be responsive on mobile devices" classname="job-search.spec.ts" time="30.629">
<failure message="job-search.spec.ts:144:3 should be responsive on mobile devices" type="FAILURE">
<![CDATA[  [chromium] › job-search.spec.ts:144:3 › Job Search Flow › should be responsive on mobile devices ─

    Test timeout of 30000ms exceeded while running "beforeEach" hook.

      2 |
      3 | test.describe('Job Search Flow', () => {
    > 4 |   test.beforeEach(async ({ page }) => {
        |        ^
      5 |     // Mock authentication for these tests
      6 |     await page.goto('/')
      7 |     await page.getByRole('button', { name: /get started/i }).click()
        at /home/t043r/Personal-Projects/jobGenie/e2e/job-search.spec.ts:4:8

    Error: locator.click: Test timeout of 30000ms exceeded.
    Call log:
      - waiting for getByRole('button', { name: /get started/i })


       5 |     // Mock authentication for these tests
       6 |     await page.goto('/')
    >  7 |     await page.getByRole('button', { name: /get started/i }).click()
         |                                                              ^
       8 |     
       9 |     // Fill out sign up form
      10 |     await page.getByLabel(/full name/i).fill('John Doe')
        at /home/t043r/Personal-Projects/jobGenie/e2e/job-search.spec.ts:7:62

    attachment #1: screenshot (image/png) ──────────────────────────────────────────────────────────
    ../test-results/job-search-Job-Search-Flow-3bc86-esponsive-on-mobile-devices-chromium/test-failed-1.png
    ────────────────────────────────────────────────────────────────────────────────────────────────

    attachment #2: video (video/webm) ──────────────────────────────────────────────────────────────
    ../test-results/job-search-Job-Search-Flow-3bc86-esponsive-on-mobile-devices-chromium/video.webm
    ────────────────────────────────────────────────────────────────────────────────────────────────

    Error Context: ../test-results/job-search-Job-Search-Flow-3bc86-esponsive-on-mobile-devices-chromium/error-context.md
]]>
</failure>
<system-out>
<![CDATA[
[[ATTACHMENT|../test-results/job-search-Job-Search-Flow-3bc86-esponsive-on-mobile-devices-chromium/test-failed-1.png]]

[[ATTACHMENT|../test-results/job-search-Job-Search-Flow-3bc86-esponsive-on-mobile-devices-chromium/video.webm]]

[[ATTACHMENT|../test-results/job-search-Job-Search-Flow-3bc86-esponsive-on-mobile-devices-chromium/error-context.md]]
]]>
</system-out>
</testcase>
</testsuite>
<testsuite name="landing.spec.ts" timestamp="2025-09-19T07:09:12.844Z" hostname="chromium" tests="7" failures="7" skipped="0" time="99.064" errors="0">
<testcase name="Landing Page › should display the main heading" classname="landing.spec.ts" time="6.392">
<failure message="landing.spec.ts:8:3 should display the main heading" type="FAILURE">
<![CDATA[  [chromium] › landing.spec.ts:8:3 › Landing Page › should display the main heading ────────────────

    Error: expect(locator).toBeVisible() failed

    Locator:  getByRole('heading', { name: /find your dream job/i })
    Expected: visible
    Received: <element(s) not found>
    Timeout:  5000ms

    Call log:
      - Expect "toBeVisible" with timeout 5000ms
      - waiting for getByRole('heading', { name: /find your dream job/i })


       7 |
       8 |   test('should display the main heading', async ({ page }) => {
    >  9 |     await expect(page.getByRole('heading', { name: /find your dream job/i })).toBeVisible()
         |                                                                               ^
      10 |   })
      11 |
      12 |   test('should have working navigation', async ({ page }) => {
        at /home/t043r/Personal-Projects/jobGenie/e2e/landing.spec.ts:9:79

    attachment #1: screenshot (image/png) ──────────────────────────────────────────────────────────
    ../test-results/landing-Landing-Page-should-display-the-main-heading-chromium/test-failed-1.png
    ────────────────────────────────────────────────────────────────────────────────────────────────

    attachment #2: video (video/webm) ──────────────────────────────────────────────────────────────
    ../test-results/landing-Landing-Page-should-display-the-main-heading-chromium/video.webm
    ────────────────────────────────────────────────────────────────────────────────────────────────
]]>
</failure>
<system-out>
<![CDATA[
[[ATTACHMENT|../test-results/landing-Landing-Page-should-display-the-main-heading-chromium/test-failed-1.png]]

[[ATTACHMENT|../test-results/landing-Landing-Page-should-display-the-main-heading-chromium/video.webm]]
]]>
</system-out>
</testcase>
<testcase name="Landing Page › should have working navigation" classname="landing.spec.ts" time="6.478">
<failure message="landing.spec.ts:12:3 should have working navigation" type="FAILURE">
<![CDATA[  [chromium] › landing.spec.ts:12:3 › Landing Page › should have working navigation ────────────────

    Error: expect(locator).toBeVisible() failed

    Locator:  getByRole('link', { name: /jobgenie/i })
    Expected: visible
    Received: <element(s) not found>
    Timeout:  5000ms

    Call log:
      - Expect "toBeVisible" with timeout 5000ms
      - waiting for getByRole('link', { name: /jobgenie/i })


      11 |
      12 |   test('should have working navigation', async ({ page }) => {
    > 13 |     await expect(page.getByRole('link', { name: /jobgenie/i })).toBeVisible()
         |                                                                 ^
      14 |     await expect(page.getByRole('button', { name: /get started/i })).toBeVisible()
      15 |     await expect(page.getByRole('button', { name: /sign in/i })).toBeVisible()
      16 |   })
        at /home/t043r/Personal-Projects/jobGenie/e2e/landing.spec.ts:13:65

    attachment #1: screenshot (image/png) ──────────────────────────────────────────────────────────
    ../test-results/landing-Landing-Page-should-have-working-navigation-chromium/test-failed-1.png
    ────────────────────────────────────────────────────────────────────────────────────────────────

    attachment #2: video (video/webm) ──────────────────────────────────────────────────────────────
    ../test-results/landing-Landing-Page-should-have-working-navigation-chromium/video.webm
    ────────────────────────────────────────────────────────────────────────────────────────────────
]]>
</failure>
<system-out>
<![CDATA[
[[ATTACHMENT|../test-results/landing-Landing-Page-should-have-working-navigation-chromium/test-failed-1.png]]

[[ATTACHMENT|../test-results/landing-Landing-Page-should-have-working-navigation-chromium/video.webm]]
]]>
</system-out>
</testcase>
<testcase name="Landing Page › should open auth modal when clicking get started" classname="landing.spec.ts" time="32.935">
<failure message="landing.spec.ts:18:3 should open auth modal when clicking get started" type="FAILURE">
<![CDATA[  [chromium] › landing.spec.ts:18:3 › Landing Page › should open auth modal when clicking get started 

    Test timeout of 30000ms exceeded.

    Error: locator.click: Test timeout of 30000ms exceeded.
    Call log:
      - waiting for getByRole('button', { name: /get started/i })


      17 |
      18 |   test('should open auth modal when clicking get started', async ({ page }) => {
    > 19 |     await page.getByRole('button', { name: /get started/i }).click()
         |                                                              ^
      20 |     await expect(page.getByRole('dialog')).toBeVisible()
      21 |     await expect(page.getByRole('heading', { name: /create account/i })).toBeVisible()
      22 |   })
        at /home/t043r/Personal-Projects/jobGenie/e2e/landing.spec.ts:19:62

    attachment #1: screenshot (image/png) ──────────────────────────────────────────────────────────
    ../test-results/landing-Landing-Page-shoul-ef68c-l-when-clicking-get-started-chromium/test-failed-1.png
    ────────────────────────────────────────────────────────────────────────────────────────────────

    attachment #2: video (video/webm) ──────────────────────────────────────────────────────────────
    ../test-results/landing-Landing-Page-shoul-ef68c-l-when-clicking-get-started-chromium/video.webm
    ────────────────────────────────────────────────────────────────────────────────────────────────

    Error Context: ../test-results/landing-Landing-Page-shoul-ef68c-l-when-clicking-get-started-chromium/error-context.md
]]>
</failure>
<system-out>
<![CDATA[
[[ATTACHMENT|../test-results/landing-Landing-Page-shoul-ef68c-l-when-clicking-get-started-chromium/test-failed-1.png]]

[[ATTACHMENT|../test-results/landing-Landing-Page-shoul-ef68c-l-when-clicking-get-started-chromium/video.webm]]

[[ATTACHMENT|../test-results/landing-Landing-Page-shoul-ef68c-l-when-clicking-get-started-chromium/error-context.md]]
]]>
</system-out>
</testcase>
<testcase name="Landing Page › should open auth modal when clicking sign in" classname="landing.spec.ts" time="33.128">
<failure message="landing.spec.ts:24:3 should open auth modal when clicking sign in" type="FAILURE">
<![CDATA[  [chromium] › landing.spec.ts:24:3 › Landing Page › should open auth modal when clicking sign in ──

    Test timeout of 30000ms exceeded.

    Error: locator.click: Test timeout of 30000ms exceeded.
    Call log:
      - waiting for getByRole('button', { name: /sign in/i })


      23 |
      24 |   test('should open auth modal when clicking sign in', async ({ page }) => {
    > 25 |     await page.getByRole('button', { name: /sign in/i }).click()
         |                                                          ^
      26 |     await expect(page.getByRole('dialog')).toBeVisible()
      27 |     await expect(page.getByRole('heading', { name: /sign in/i })).toBeVisible()
      28 |   })
        at /home/t043r/Personal-Projects/jobGenie/e2e/landing.spec.ts:25:58

    attachment #1: screenshot (image/png) ──────────────────────────────────────────────────────────
    ../test-results/landing-Landing-Page-shoul-2cc3c-modal-when-clicking-sign-in-chromium/test-failed-1.png
    ────────────────────────────────────────────────────────────────────────────────────────────────

    attachment #2: video (video/webm) ──────────────────────────────────────────────────────────────
    ../test-results/landing-Landing-Page-shoul-2cc3c-modal-when-clicking-sign-in-chromium/video.webm
    ────────────────────────────────────────────────────────────────────────────────────────────────

    Error Context: ../test-results/landing-Landing-Page-shoul-2cc3c-modal-when-clicking-sign-in-chromium/error-context.md
]]>
</failure>
<system-out>
<![CDATA[
[[ATTACHMENT|../test-results/landing-Landing-Page-shoul-2cc3c-modal-when-clicking-sign-in-chromium/test-failed-1.png]]

[[ATTACHMENT|../test-results/landing-Landing-Page-shoul-2cc3c-modal-when-clicking-sign-in-chromium/video.webm]]

[[ATTACHMENT|../test-results/landing-Landing-Page-shoul-2cc3c-modal-when-clicking-sign-in-chromium/error-context.md]]
]]>
</system-out>
</testcase>
<testcase name="Landing Page › should display features section" classname="landing.spec.ts" time="6.754">
<failure message="landing.spec.ts:30:3 should display features section" type="FAILURE">
<![CDATA[  [chromium] › landing.spec.ts:30:3 › Landing Page › should display features section ───────────────

    Error: expect(locator).toBeVisible() failed

    Locator:  getByText(/why choose jobgenie/i)
    Expected: visible
    Received: <element(s) not found>
    Timeout:  5000ms

    Call log:
      - Expect "toBeVisible" with timeout 5000ms
      - waiting for getByText(/why choose jobgenie/i)


      29 |
      30 |   test('should display features section', async ({ page }) => {
    > 31 |     await expect(page.getByText(/why choose jobgenie/i)).toBeVisible()
         |                                                          ^
      32 |     await expect(page.getByText(/smart matching/i)).toBeVisible()
      33 |     await expect(page.getByText(/instant applications/i)).toBeVisible()
      34 |     await expect(page.getByText(/career coaching/i)).toBeVisible()
        at /home/t043r/Personal-Projects/jobGenie/e2e/landing.spec.ts:31:58

    attachment #1: screenshot (image/png) ──────────────────────────────────────────────────────────
    ../test-results/landing-Landing-Page-should-display-features-section-chromium/test-failed-1.png
    ────────────────────────────────────────────────────────────────────────────────────────────────

    attachment #2: video (video/webm) ──────────────────────────────────────────────────────────────
    ../test-results/landing-Landing-Page-should-display-features-section-chromium/video.webm
    ────────────────────────────────────────────────────────────────────────────────────────────────
]]>
</failure>
<system-out>
<![CDATA[
[[ATTACHMENT|../test-results/landing-Landing-Page-should-display-features-section-chromium/test-failed-1.png]]

[[ATTACHMENT|../test-results/landing-Landing-Page-should-display-features-section-chromium/video.webm]]
]]>
</system-out>
</testcase>
<testcase name="Landing Page › should be responsive on mobile" classname="landing.spec.ts" time="6.37">
<failure message="landing.spec.ts:37:3 should be responsive on mobile" type="FAILURE">
<![CDATA[  [chromium] › landing.spec.ts:37:3 › Landing Page › should be responsive on mobile ────────────────

    Error: expect(locator).toBeVisible() failed

    Locator:  getByRole('heading', { name: /find your dream job/i })
    Expected: visible
    Received: <element(s) not found>
    Timeout:  5000ms

    Call log:
      - Expect "toBeVisible" with timeout 5000ms
      - waiting for getByRole('heading', { name: /find your dream job/i })


      37 |   test('should be responsive on mobile', async ({ page }) => {
      38 |     await page.setViewportSize({ width: 375, height: 667 })
    > 39 |     await expect(page.getByRole('heading', { name: /find your dream job/i })).toBeVisible()
         |                                                                               ^
      40 |     await expect(page.getByRole('button', { name: /get started/i })).toBeVisible()
      41 |   })
      42 |
        at /home/t043r/Personal-Projects/jobGenie/e2e/landing.spec.ts:39:79

    attachment #1: screenshot (image/png) ──────────────────────────────────────────────────────────
    ../test-results/landing-Landing-Page-should-be-responsive-on-mobile-chromium/test-failed-1.png
    ────────────────────────────────────────────────────────────────────────────────────────────────

    attachment #2: video (video/webm) ──────────────────────────────────────────────────────────────
    ../test-results/landing-Landing-Page-should-be-responsive-on-mobile-chromium/video.webm
    ────────────────────────────────────────────────────────────────────────────────────────────────

    Error Context: ../test-results/landing-Landing-Page-should-be-responsive-on-mobile-chromium/error-context.md
]]>
</failure>
<system-out>
<![CDATA[
[[ATTACHMENT|../test-results/landing-Landing-Page-should-be-responsive-on-mobile-chromium/test-failed-1.png]]

[[ATTACHMENT|../test-results/landing-Landing-Page-should-be-responsive-on-mobile-chromium/video.webm]]

[[ATTACHMENT|../test-results/landing-Landing-Page-should-be-responsive-on-mobile-chromium/error-context.md]]
]]>
</system-out>
</testcase>
<testcase name="Landing Page › should have proper accessibility" classname="landing.spec.ts" time="7.007">
<failure message="landing.spec.ts:43:3 should have proper accessibility" type="FAILURE">
<![CDATA[  [chromium] › landing.spec.ts:43:3 › Landing Page › should have proper accessibility ──────────────

    Error: expect(locator).toBeVisible() failed

    Locator:  getByRole('heading', { level: 1 })
    Expected: visible
    Received: <element(s) not found>
    Timeout:  5000ms

    Call log:
      - Expect "toBeVisible" with timeout 5000ms
      - waiting for getByRole('heading', { level: 1 })


      44 |     // Check for proper heading hierarchy
      45 |     const h1 = page.getByRole('heading', { level: 1 })
    > 46 |     await expect(h1).toBeVisible()
         |                      ^
      47 |
      48 |     // Check for alt text on images (if any)
      49 |     const images = page.locator('img')
        at /home/t043r/Personal-Projects/jobGenie/e2e/landing.spec.ts:46:22

    attachment #1: screenshot (image/png) ──────────────────────────────────────────────────────────
    ../test-results/landing-Landing-Page-should-have-proper-accessibility-chromium/test-failed-1.png
    ────────────────────────────────────────────────────────────────────────────────────────────────

    attachment #2: video (video/webm) ──────────────────────────────────────────────────────────────
    ../test-results/landing-Landing-Page-should-have-proper-accessibility-chromium/video.webm
    ────────────────────────────────────────────────────────────────────────────────────────────────
]]>
</failure>
<system-out>
<![CDATA[
[[ATTACHMENT|../test-results/landing-Landing-Page-should-have-proper-accessibility-chromium/test-failed-1.png]]

[[ATTACHMENT|../test-results/landing-Landing-Page-should-have-proper-accessibility-chromium/video.webm]]
]]>
</system-out>
</testcase>
</testsuite>
<testsuite name="accessibility.spec.ts" timestamp="2025-09-19T07:09:12.844Z" hostname="firefox" tests="9" failures="8" skipped="0" time="149.235" errors="0">
<testcase name="Accessibility Tests › landing page should be accessible" classname="accessibility.spec.ts" time="8.932">
<failure message="accessibility.spec.ts:4:3 landing page should be accessible" type="FAILURE">
<![CDATA[  [firefox] › accessibility.spec.ts:4:3 › Accessibility Tests › landing page should be accessible ──

    Error: expect(locator).toBeVisible() failed

    Locator:  getByRole('heading', { level: 1 })
    Expected: visible
    Received: <element(s) not found>
    Timeout:  5000ms

    Call log:
      - Expect "toBeVisible" with timeout 5000ms
      - waiting for getByRole('heading', { level: 1 })


       7 |     // Check for proper heading hierarchy
       8 |     const h1 = page.getByRole('heading', { level: 1 })
    >  9 |     await expect(h1).toBeVisible()
         |                      ^
      10 |     
      11 |     // Check that all images have alt text
      12 |     const images = page.locator('img')
        at /home/t043r/Personal-Projects/jobGenie/e2e/accessibility.spec.ts:9:22

    attachment #1: screenshot (image/png) ──────────────────────────────────────────────────────────
    ../test-results/accessibility-Accessibilit-b91e3-g-page-should-be-accessible-firefox/test-failed-1.png
    ────────────────────────────────────────────────────────────────────────────────────────────────

    attachment #2: video (video/webm) ──────────────────────────────────────────────────────────────
    ../test-results/accessibility-Accessibilit-b91e3-g-page-should-be-accessible-firefox/video.webm
    ────────────────────────────────────────────────────────────────────────────────────────────────

    Error Context: ../test-results/accessibility-Accessibilit-b91e3-g-page-should-be-accessible-firefox/error-context.md
]]>
</failure>
<system-out>
<![CDATA[
[[ATTACHMENT|../test-results/accessibility-Accessibilit-b91e3-g-page-should-be-accessible-firefox/test-failed-1.png]]

[[ATTACHMENT|../test-results/accessibility-Accessibilit-b91e3-g-page-should-be-accessible-firefox/video.webm]]

[[ATTACHMENT|../test-results/accessibility-Accessibilit-b91e3-g-page-should-be-accessible-firefox/error-context.md]]
]]>
</system-out>
</testcase>
<testcase name="Accessibility Tests › should support keyboard navigation" classname="accessibility.spec.ts" time="5.136">
<failure message="accessibility.spec.ts:51:3 should support keyboard navigation" type="FAILURE">
<![CDATA[  [firefox] › accessibility.spec.ts:51:3 › Accessibility Tests › should support keyboard navigation 

    Error: expect(received).toBeTruthy()

    Received: false

      55 |     await page.keyboard.press('Tab')
      56 |     let focusedElement = await page.evaluate(() => document.activeElement?.tagName)
    > 57 |     expect(['A', 'BUTTON', 'INPUT'].includes(focusedElement || '')).toBeTruthy()
         |                                                                     ^
      58 |     
      59 |     // Continue tabbing
      60 |     await page.keyboard.press('Tab')
        at /home/t043r/Personal-Projects/jobGenie/e2e/accessibility.spec.ts:57:69

    attachment #1: screenshot (image/png) ──────────────────────────────────────────────────────────
    ../test-results/accessibility-Accessibilit-bf7b3-support-keyboard-navigation-firefox/test-failed-1.png
    ────────────────────────────────────────────────────────────────────────────────────────────────

    attachment #2: video (video/webm) ──────────────────────────────────────────────────────────────
    ../test-results/accessibility-Accessibilit-bf7b3-support-keyboard-navigation-firefox/video.webm
    ────────────────────────────────────────────────────────────────────────────────────────────────
]]>
</failure>
<system-out>
<![CDATA[
[[ATTACHMENT|../test-results/accessibility-Accessibilit-bf7b3-support-keyboard-navigation-firefox/test-failed-1.png]]

[[ATTACHMENT|../test-results/accessibility-Accessibilit-bf7b3-support-keyboard-navigation-firefox/video.webm]]
]]>
</system-out>
</testcase>
<testcase name="Accessibility Tests › should have proper focus management in modals" classname="accessibility.spec.ts" time="30.246">
<failure message="accessibility.spec.ts:76:3 should have proper focus management in modals" type="FAILURE">
<![CDATA[  [firefox] › accessibility.spec.ts:76:3 › Accessibility Tests › should have proper focus management in modals 

    Test timeout of 30000ms exceeded.

    Error: locator.click: Test timeout of 30000ms exceeded.
    Call log:
      - waiting for getByRole('button', { name: /get started/i })


      78 |     
      79 |     // Open auth modal
    > 80 |     await page.getByRole('button', { name: /get started/i }).click()
         |                                                              ^
      81 |     await expect(page.getByRole('dialog')).toBeVisible()
      82 |     
      83 |     // Focus should be trapped in modal
        at /home/t043r/Personal-Projects/jobGenie/e2e/accessibility.spec.ts:80:62

[...]

    Error: browserType.launch: 
    ╔══════════════════════════════════════════════════════╗
    ║ Host system is missing dependencies to run browsers. ║
    ║ Missing libraries:                                   ║
    ║     libicudata.so.66                                 ║
    ║     libicui18n.so.66                                 ║
    ║     libicuuc.so.66                                   ║
    ║     libjpeg.so.8                                     ║
    ║     libwebp.so.6                                     ║
    ║     libffi.so.7                                      ║
    ║     libx264.so                                       ║
    ╚══════════════════════════════════════════════════════╝
]]>
</failure>
</testcase>
<testcase name="Job Search Flow › should show job filter tabs" classname="job-search.spec.ts" time="0.031">
<failure message="job-search.spec.ts:24:3 should show job filter tabs" type="FAILURE">
<![CDATA[  [Mobile Safari] › job-search.spec.ts:24:3 › Job Search Flow › should show job filter tabs ────────

    Error: browserType.launch: 
    ╔══════════════════════════════════════════════════════╗
    ║ Host system is missing dependencies to run browsers. ║
    ║ Missing libraries:                                   ║
    ║     libicudata.so.66                                 ║
    ║     libicui18n.so.66                                 ║
    ║     libicuuc.so.66                                   ║
    ║     libjpeg.so.8                                     ║
    ║     libwebp.so.6                                     ║
    ║     libffi.so.7                                      ║
    ║     libx264.so                                       ║
    ╚══════════════════════════════════════════════════════╝
]]>
</failure>
</testcase>
<testcase name="Job Search Flow › should switch between filter tabs" classname="job-search.spec.ts" time="0.057">
<failure message="job-search.spec.ts:32:3 should switch between filter tabs" type="FAILURE">
<![CDATA[  [Mobile Safari] › job-search.spec.ts:32:3 › Job Search Flow › should switch between filter tabs ──

    Error: browserType.launch: 
    ╔══════════════════════════════════════════════════════╗
    ║ Host system is missing dependencies to run browsers. ║
    ║ Missing libraries:                                   ║
    ║     libicudata.so.66                                 ║
    ║     libicui18n.so.66                                 ║
    ║     libicuuc.so.66                                   ║
    ║     libjpeg.so.8                                     ║
    ║     libwebp.so.6                                     ║
    ║     libffi.so.7                                      ║
    ║     libx264.so                                       ║
    ╚══════════════════════════════════════════════════════╝
]]>
</failure>
</testcase>
<testcase name="Job Search Flow › should display job cards with required information" classname="job-search.spec.ts" time="0.037">
<failure message="job-search.spec.ts:42:3 should display job cards with required information" type="FAILURE">
<![CDATA[  [Mobile Safari] › job-search.spec.ts:42:3 › Job Search Flow › should display job cards with required information 

    Error: browserType.launch: 
    ╔══════════════════════════════════════════════════════╗
    ║ Host system is missing dependencies to run browsers. ║
    ║ Missing libraries:                                   ║
    ║     libicudata.so.66                                 ║
    ║     libicui18n.so.66                                 ║
    ║     libicuuc.so.66                                   ║
    ║     libjpeg.so.8                                     ║
    ║     libwebp.so.6                                     ║
    ║     libffi.so.7                                      ║
    ║     libx264.so                                       ║
    ╚══════════════════════════════════════════════════════╝
]]>
</failure>
</testcase>
<testcase name="Job Search Flow › should open advanced filters" classname="job-search.spec.ts" time="0.064">
<failure message="job-search.spec.ts:59:3 should open advanced filters" type="FAILURE">
<![CDATA[  [Mobile Safari] › job-search.spec.ts:59:3 › Job Search Flow › should open advanced filters ───────

    Error: browserType.launch: 
    ╔══════════════════════════════════════════════════════╗
    ║ Host system is missing dependencies to run browsers. ║
    ║ Missing libraries:                                   ║
    ║     libicudata.so.66                                 ║
    ║     libicui18n.so.66                                 ║
    ║     libicuuc.so.66                                   ║
    ║     libjpeg.so.8                                     ║
    ║     libwebp.so.6                                     ║
    ║     libffi.so.7                                      ║
    ║     libx264.so                                       ║
    ╚══════════════════════════════════════════════════════╝
]]>
</failure>
</testcase>
<testcase name="Job Search Flow › should apply filters and show results" classname="job-search.spec.ts" time="0.033">
<failure message="job-search.spec.ts:68:3 should apply filters and show results" type="FAILURE">
<![CDATA[  [Mobile Safari] › job-search.spec.ts:68:3 › Job Search Flow › should apply filters and show results 

    Error: browserType.launch: 
    ╔══════════════════════════════════════════════════════╗
    ║ Host system is missing dependencies to run browsers. ║
    ║ Missing libraries:                                   ║
    ║     libicudata.so.66                                 ║
    ║     libicui18n.so.66                                 ║
    ║     libicuuc.so.66                                   ║
    ║     libjpeg.so.8                                     ║
    ║     libwebp.so.6                                     ║
    ║     libffi.so.7                                      ║
    ║     libx264.so                                       ║
    ╚══════════════════════════════════════════════════════╝
]]>
</failure>
</testcase>
<testcase name="Job Search Flow › should save and unsave jobs" classname="job-search.spec.ts" time="0.024">
<failure message="job-search.spec.ts:84:3 should save and unsave jobs" type="FAILURE">
<![CDATA[  [Mobile Safari] › job-search.spec.ts:84:3 › Job Search Flow › should save and unsave jobs ────────

    Error: browserType.launch: 
    ╔══════════════════════════════════════════════════════╗
    ║ Host system is missing dependencies to run browsers. ║
    ║ Missing libraries:                                   ║
    ║     libicudata.so.66                                 ║
    ║     libicui18n.so.66                                 ║
    ║     libicuuc.so.66                                   ║
    ║     libjpeg.so.8                                     ║
    ║     libwebp.so.6                                     ║
    ║     libffi.so.7                                      ║
    ║     libx264.so                                       ║
    ╚══════════════════════════════════════════════════════╝
]]>
</failure>
</testcase>
<testcase name="Job Search Flow › should navigate to saved jobs tab and show saved jobs" classname="job-search.spec.ts" time="0.024">
<failure message="job-search.spec.ts:102:3 should navigate to saved jobs tab and show saved jobs" type="FAILURE">
<![CDATA[  [Mobile Safari] › job-search.spec.ts:102:3 › Job Search Flow › should navigate to saved jobs tab and show saved jobs 

    Error: browserType.launch: 
    ╔══════════════════════════════════════════════════════╗
    ║ Host system is missing dependencies to run browsers. ║
    ║ Missing libraries:                                   ║
    ║     libicudata.so.66                                 ║
    ║     libicui18n.so.66                                 ║
    ║     libicuuc.so.66                                   ║
    ║     libjpeg.so.8                                     ║
    ║     libwebp.so.6                                     ║
    ║     libffi.so.7                                      ║
    ║     libx264.so                                       ║
    ╚══════════════════════════════════════════════════════╝
]]>
</failure>
</testcase>
<testcase name="Job Search Flow › should show match scores on recommended jobs" classname="job-search.spec.ts" time="0.033">
<failure message="job-search.spec.ts:114:3 should show match scores on recommended jobs" type="FAILURE">
<![CDATA[  [Mobile Safari] › job-search.spec.ts:114:3 › Job Search Flow › should show match scores on recommended jobs 

    Error: browserType.launch: 
    ╔══════════════════════════════════════════════════════╗
    ║ Host system is missing dependencies to run browsers. ║
    ║ Missing libraries:                                   ║
    ║     libicudata.so.66                                 ║
    ║     libicui18n.so.66                                 ║
    ║     libicuuc.so.66                                   ║
    ║     libjpeg.so.8                                     ║
    ║     libwebp.so.6                                     ║
    ║     libffi.so.7                                      ║
    ║     libx264.so                                       ║
    ╚══════════════════════════════════════════════════════╝
]]>
</failure>
</testcase>
<testcase name="Job Search Flow › should load more jobs when clicking load more" classname="job-search.spec.ts" time="0.026">
<failure message="job-search.spec.ts:122:3 should load more jobs when clicking load more" type="FAILURE">
<![CDATA[  [Mobile Safari] › job-search.spec.ts:122:3 › Job Search Flow › should load more jobs when clicking load more 

    Error: browserType.launch: 
    ╔══════════════════════════════════════════════════════╗
    ║ Host system is missing dependencies to run browsers. ║
    ║ Missing libraries:                                   ║
    ║     libicudata.so.66                                 ║
    ║     libicui18n.so.66                                 ║
    ║     libicuuc.so.66                                   ║
    ║     libjpeg.so.8                                     ║
    ║     libwebp.so.6                                     ║
    ║     libffi.so.7                                      ║
    ║     libx264.so                                       ║
    ╚══════════════════════════════════════════════════════╝
]]>
</failure>
</testcase>
<testcase name="Job Search Flow › should search for jobs using the search bar" classname="job-search.spec.ts" time="0.036">
<failure message="job-search.spec.ts:134:3 should search for jobs using the search bar" type="FAILURE">
<![CDATA[  [Mobile Safari] › job-search.spec.ts:134:3 › Job Search Flow › should search for jobs using the search bar 

    Error: browserType.launch: 
    ╔══════════════════════════════════════════════════════╗
    ║ Host system is missing dependencies to run browsers. ║
    ║ Missing libraries:                                   ║
    ║     libicudata.so.66                                 ║
    ║     libicui18n.so.66                                 ║
    ║     libicuuc.so.66                                   ║
    ║     libjpeg.so.8                                     ║
    ║     libwebp.so.6                                     ║
    ║     libffi.so.7                                      ║
    ║     libx264.so                                       ║
    ╚══════════════════════════════════════════════════════╝
]]>
</failure>
</testcase>
<testcase name="Job Search Flow › should be responsive on mobile devices" classname="job-search.spec.ts" time="0.018">
<failure message="job-search.spec.ts:144:3 should be responsive on mobile devices" type="FAILURE">
<![CDATA[  [Mobile Safari] › job-search.spec.ts:144:3 › Job Search Flow › should be responsive on mobile devices 

    Error: browserType.launch: 
    ╔══════════════════════════════════════════════════════╗
    ║ Host system is missing dependencies to run browsers. ║
    ║ Missing libraries:                                   ║
    ║     libicudata.so.66                                 ║
    ║     libicui18n.so.66                                 ║
    ║     libicuuc.so.66                                   ║
    ║     libjpeg.so.8                                     ║
    ║     libwebp.so.6                                     ║
    ║     libffi.so.7                                      ║
    ║     libx264.so                                       ║
    ╚══════════════════════════════════════════════════════╝
]]>
</failure>
</testcase>
</testsuite>
<testsuite name="landing.spec.ts" timestamp="2025-09-19T07:09:12.844Z" hostname="Mobile Safari" tests="7" failures="7" skipped="0" time="0.248" errors="0">
<testcase name="Landing Page › should display the main heading" classname="landing.spec.ts" time="0.019">
<failure message="landing.spec.ts:8:3 should display the main heading" type="FAILURE">
<![CDATA[  [Mobile Safari] › landing.spec.ts:8:3 › Landing Page › should display the main heading ───────────

    Error: browserType.launch: 
    ╔══════════════════════════════════════════════════════╗
    ║ Host system is missing dependencies to run browsers. ║
    ║ Missing libraries:                                   ║
    ║     libicudata.so.66                                 ║
    ║     libicui18n.so.66                                 ║
    ║     libicuuc.so.66                                   ║
    ║     libjpeg.so.8                                     ║
    ║     libwebp.so.6                                     ║
    ║     libffi.so.7                                      ║
    ║     libx264.so                                       ║
    ╚══════════════════════════════════════════════════════╝
]]>
</failure>
</testcase>
<testcase name="Landing Page › should have working navigation" classname="landing.spec.ts" time="0.029">
<failure message="landing.spec.ts:12:3 should have working navigation" type="FAILURE">
<![CDATA[  [Mobile Safari] › landing.spec.ts:12:3 › Landing Page › should have working navigation ───────────

    Error: browserType.launch: 
    ╔══════════════════════════════════════════════════════╗
    ║ Host system is missing dependencies to run browsers. ║
    ║ Missing libraries:                                   ║
    ║     libicudata.so.66                                 ║
    ║     libicui18n.so.66                                 ║
    ║     libicuuc.so.66                                   ║
    ║     libjpeg.so.8                                     ║
    ║     libwebp.so.6                                     ║
    ║     libffi.so.7                                      ║
    ║     libx264.so                                       ║
    ╚══════════════════════════════════════════════════════╝
]]>
</failure>
</testcase>
<testcase name="Landing Page › should open auth modal when clicking get started" classname="landing.spec.ts" time="0.032">
<failure message="landing.spec.ts:18:3 should open auth modal when clicking get started" type="FAILURE">
<![CDATA[  [Mobile Safari] › landing.spec.ts:18:3 › Landing Page › should open auth modal when clicking get started 

    Error: browserType.launch: 
    ╔══════════════════════════════════════════════════════╗
    ║ Host system is missing dependencies to run browsers. ║
    ║ Missing libraries:                                   ║
    ║     libicudata.so.66                                 ║
    ║     libicui18n.so.66                                 ║
    ║     libicuuc.so.66                                   ║
    ║     libjpeg.so.8                                     ║
    ║     libwebp.so.6                                     ║
    ║     libffi.so.7                                      ║
    ║     libx264.so                                       ║
    ╚══════════════════════════════════════════════════════╝
]]>
</failure>
</testcase>
<testcase name="Landing Page › should open auth modal when clicking sign in" classname="landing.spec.ts" time="0.062">
<failure message="landing.spec.ts:24:3 should open auth modal when clicking sign in" type="FAILURE">
<![CDATA[  [Mobile Safari] › landing.spec.ts:24:3 › Landing Page › should open auth modal when clicking sign in 

    Error: browserType.launch: 
    ╔══════════════════════════════════════════════════════╗
    ║ Host system is missing dependencies to run browsers. ║
    ║ Missing libraries:                                   ║
    ║     libicudata.so.66                                 ║
    ║     libicui18n.so.66                                 ║
    ║     libicuuc.so.66                                   ║
    ║     libjpeg.so.8                                     ║
    ║     libwebp.so.6                                     ║
    ║     libffi.so.7                                      ║
    ║     libx264.so                                       ║
    ╚══════════════════════════════════════════════════════╝
]]>
</failure>
</testcase>
<testcase name="Landing Page › should display features section" classname="landing.spec.ts" time="0.026">
<failure message="landing.spec.ts:30:3 should display features section" type="FAILURE">
<![CDATA[  [Mobile Safari] › landing.spec.ts:30:3 › Landing Page › should display features section ──────────

    Error: browserType.launch: 
    ╔══════════════════════════════════════════════════════╗
    ║ Host system is missing dependencies to run browsers. ║
    ║ Missing libraries:                                   ║
    ║     libicudata.so.66                                 ║
    ║     libicui18n.so.66                                 ║
    ║     libicuuc.so.66                                   ║
    ║     libjpeg.so.8                                     ║
    ║     libwebp.so.6                                     ║
    ║     libffi.so.7                                      ║
    ║     libx264.so                                       ║
    ╚══════════════════════════════════════════════════════╝
]]>
</failure>
</testcase>
<testcase name="Landing Page › should be responsive on mobile" classname="landing.spec.ts" time="0.025">
<failure message="landing.spec.ts:37:3 should be responsive on mobile" type="FAILURE">
<![CDATA[  [Mobile Safari] › landing.spec.ts:37:3 › Landing Page › should be responsive on mobile ───────────

    Error: browserType.launch: 
    ╔══════════════════════════════════════════════════════╗
    ║ Host system is missing dependencies to run browsers. ║
    ║ Missing libraries:                                   ║
    ║     libicudata.so.66                                 ║
    ║     libicui18n.so.66                                 ║
    ║     libicuuc.so.66                                   ║
    ║     libjpeg.so.8                                     ║
    ║     libwebp.so.6                                     ║
    ║     libffi.so.7                                      ║
    ║     libx264.so                                       ║
    ╚══════════════════════════════════════════════════════╝
]]>
</failure>
</testcase>
<testcase name="Landing Page › should have proper accessibility" classname="landing.spec.ts" time="0.055">
<failure message="landing.spec.ts:43:3 should have proper accessibility" type="FAILURE">
<![CDATA[  [Mobile Safari] › landing.spec.ts:43:3 › Landing Page › should have proper accessibility ─────────

    Error: browserType.launch: 
    ╔══════════════════════════════════════════════════════╗
    ║ Host system is missing dependencies to run browsers. ║
    ║ Missing libraries:                                   ║
    ║     libicudata.so.66                                 ║
    ║     libicui18n.so.66                                 ║
    ║     libicuuc.so.66                                   ║
    ║     libjpeg.so.8                                     ║
    ║     libwebp.so.6                                     ║
    ║     libffi.so.7                                      ║
    ║     libx264.so                                       ║
    ╚══════════════════════════════════════════════════════╝
]]>
</failure>
</testcase>
</testsuite>
</testsuites>